Interrupt Vectors
    00000 940C 002A JMP	__start|__text_start

Program Code (text area)
__start|__text_start:
    0002A E5CF      LDI	R28,0x5F
    0002B E0D4      LDI	R29,4
    0002C BFCD      OUT	0x3D,R28
    0002D BFDE      OUT	0x3E,R29
    0002E 51CE      SUBI	R28,0x1E
    0002F 40D0      SBCI	R29,0
    00030 EA0A      LDI	R16,0xAA
    00031 8308      ST	Y,R16
    00032 2400      CLR	R0
    00033 E6E0      LDI	R30,0x60
    00034 E0F0      LDI	R31,0
    00035 E010      LDI	R17,0
    00036 36E0      CPI	R30,0x60
    00037 07F1      CPC	R31,R17
    00038 F011      BEQ	0x003B
    00039 9201      ST	Z+,R0
    0003A CFFB      RJMP	0x0036
    0003B 8300      ST	Z,R16
    0003C E5E4      LDI	R30,0x54
    0003D E0F0      LDI	R31,0
    0003E E6A0      LDI	R26,0x60
    0003F E0B0      LDI	R27,0
    00040 E010      LDI	R17,0
    00041 E000      LDI	R16,0
    00042 BF0B      OUT	0x3B,R16
    00043 35E4      CPI	R30,0x54
    00044 07F1      CPC	R31,R17
    00045 F021      BEQ	0x004A
    00046 95C8      LPM
    00047 9631      ADIW	R30,1
    00048 920D      ST	X+,R0
    00049 CFF9      RJMP	0x0043
    0004A 940E 0073 CALL	_main
_exit:
    0004C CFFF      RJMP	_exit
FILE: F:\.[School]\Chip\iccv7\Tes12\motor_pwm.c
(0001) #include <iom16v.h>
(0002) #include <macros.h>
(0003) 
(0004) void io_init(void)   
(0005) {   DDRA=0x00;   
_io_init:
    0004D 2422      CLR	R2
    0004E BA2A      OUT	0x1A,R2
(0006)     PORTA=0xFF;
    0004F EF8F      LDI	R24,0xFF
    00050 BB8B      OUT	0x1B,R24
(0007) 	DDRD=0xFF; 
    00051 BB81      OUT	0x11,R24
(0008) 	PORTD=0xFF; 
    00052 BB82      OUT	0x12,R24
(0009)     DDRB=0xFF; 
    00053 BB87      OUT	0x17,R24
(0010) 	PORTB=0xFF;
    00054 BB88      OUT	0x18,R24
    00055 9508      RET
(0011) 	
(0012)   
(0013) 	
(0014) }
(0015) ///////////////////////////////////////////////
(0016) void pwm_init(void) 
(0017) {  TCCR0|=(1<<WGM00)|(1<<COM01)|(1<<CS02);
_pwm_init:
    00056 B783      IN	R24,0x33
    00057 6684      ORI	R24,0x64
    00058 BF83      OUT	0x33,R24
(0018)    TCCR2|=(1<<WGM20)|(1<<COM21)|(1<<CS22);   
    00059 B585      IN	R24,0x25
    0005A 6684      ORI	R24,0x64
    0005B BD85      OUT	0x25,R24
    0005C 9508      RET
_delay:
  j                    --> R20
  i                    --> R16
    0005D 934A      ST	-Y,R20
    0005E 935A      ST	-Y,R21
(0019) 
(0020) 
(0021) }
(0022) //////////////////////////////////////////////
(0023) void delay(unsigned int i)
(0024) {  unsigned j;
    0005F C00A      RJMP	0x006A
(0025)    while(--i)
(0026)       { for(j=1;j<=100;j++)  
    00060 E041      LDI	R20,1
    00061 E050      LDI	R21,0
    00062 C002      RJMP	0x0065
    00063 5F4F      SUBI	R20,0xFF
    00064 4F5F      SBCI	R21,0xFF
    00065 E684      LDI	R24,0x64
    00066 E090      LDI	R25,0
    00067 1784      CP	R24,R20
    00068 0795      CPC	R25,R21
    00069 F7C8      BCC	0x0063
    0006A 01C8      MOVW	R24,R16
    0006B 9701      SBIW	R24,1
    0006C 018C      MOVW	R16,R24
    0006D 3000      CPI	R16,0
    0006E 0701      CPC	R16,R17
    0006F F781      BNE	0x0060
    00070 9159      LD	R21,Y+
    00071 9149      LD	R20,Y+
    00072 9508      RET
(0027)             ;
(0028) 		}
(0029) }
(0030) 
(0031) /////////////////
(0032) 
(0033) //////////////////////
(0034) 
(0035) /////////////////////////////////////////////////////
(0036) void main(void)
(0037) { int speed=0;
_main:
  speed                --> R20
    00073 2744      CLR	R20
    00074 2755      CLR	R21
(0038)   io_init();
    00075 DFD7      RCALL	_io_init
(0039)  
(0040)   pwm_init();    
    00076 DFDF      RCALL	_pwm_init
(0041)   OCR0 = speed;  
    00077 BF4C      OUT	0x3C,R20
(0042)   OCR2= speed;
    00078 BD43      OUT	0x23,R20
    00079 C03F      RJMP	0x00B9
(0043)   while(1)
(0044)    {   
(0045)     if ((PINA & (1 << PA0)) == 0)
    0007A 99C8      SBIC	0x19,0
    0007B C006      RJMP	0x0082
(0046)        {   speed=100;    
    0007C E644      LDI	R20,0x64
    0007D E050      LDI	R21,0
(0047)           
(0048)            OCR0=speed;       
    0007E BF4C      OUT	0x3C,R20
(0049)            OCR2=speed;      
    0007F BD43      OUT	0x23,R20
(0050)            PORTD=(1<<PD0)|(1<<PD2);	
    00080 E085      LDI	R24,5
    00081 BB82      OUT	0x12,R24
(0051)            
(0052)         }
(0053) 
(0054) if ((PINA & (1 << PA1)) == 0) 
    00082 99C9      SBIC	0x19,1
    00083 C006      RJMP	0x008A
(0055)   {
(0056)      speed=25;
    00084 E149      LDI	R20,0x19
    00085 E050      LDI	R21,0
(0057)      OCR0=speed;  
    00086 BF4C      OUT	0x3C,R20
(0058)      OCR2=speed;
    00087 BD43      OUT	0x23,R20
(0059)       PORTD=(1<<PD1)|(1<<PD3);
    00088 E08A      LDI	R24,0xA
    00089 BB82      OUT	0x12,R24
(0060) 		
(0061) 			
(0062)   }
(0063) 	
(0064) if ((PINA & (1 << PA2)) == 0)
    0008A 99CA      SBIC	0x19,2
    0008B C00E      RJMP	0x009A
(0065)     {
(0066)          if(speed<250)        
    0008C 3F4A      CPI	R20,0xFA
    0008D E0E0      LDI	R30,0
    0008E 075E      CPC	R21,R30
    0008F F41C      BGE	0x0093
(0067)                
(0068)                 speed=speed+25;
    00090 5E47      SUBI	R20,0xE7
    00091 4F5F      SBCI	R21,0xFF
    00092 C002      RJMP	0x0095
(0069)          else 
(0070)                   speed=250;
    00093 EF4A      LDI	R20,0xFA
    00094 E050      LDI	R21,0
(0071) 	  OCR0=speed;     
    00095 BF4C      OUT	0x3C,R20
(0072) 	  OCR2=speed;
    00096 BD43      OUT	0x23,R20
(0073)           delay(200); 
    00097 EC08      LDI	R16,0xC8
    00098 E010      LDI	R17,0
    00099 DFC3      RCALL	_delay
(0074)          
(0075) 	}
(0076) 
(0077) if ((PINA & (1 << PA3)) == 0) 
    0009A 99CB      SBIC	0x19,3
    0009B C00F      RJMP	0x00AB
(0078)   {    if(speed>25) 
    0009C E189      LDI	R24,0x19
    0009D E090      LDI	R25,0
    0009E 1784      CP	R24,R20
    0009F 0795      CPC	R25,R21
    000A0 F41C      BGE	0x00A4
(0079)       
(0080) 	             speed=speed-25;
    000A1 5149      SUBI	R20,0x19
    000A2 4050      SBCI	R21,0
    000A3 C002      RJMP	0x00A6
(0081)         else 
(0082)                     speed=25;
    000A4 E149      LDI	R20,0x19
    000A5 E050      LDI	R21,0
(0083) 	  OCR0=speed;     
    000A6 BF4C      OUT	0x3C,R20
(0084) 	  OCR2=speed;
    000A7 BD43      OUT	0x23,R20
(0085) 	delay(200); 
    000A8 EC08      LDI	R16,0xC8
    000A9 E010      LDI	R17,0
    000AA DFB2      RCALL	_delay
(0086)      
(0087)  }
(0088) 	
(0089) if ((PINA & (1 << PA4)) == 0) 
    000AB 99CC      SBIC	0x19,4
    000AC C002      RJMP	0x00AF
(0090) {      PORTD=(1<<PD0)|(1<<PD3);	
    000AD E089      LDI	R24,0x9
    000AE BB82      OUT	0x12,R24
(0091)       
(0092) }
(0093) if ((PINA & (1 << PA5)) == 0) 
    000AF 99CD      SBIC	0x19,5
    000B0 C002      RJMP	0x00B3
(0094)  {     PORTD=(1<<PD1)|(1<<PD2);	
    000B1 E086      LDI	R24,6
    000B2 BB82      OUT	0x12,R24
(0095)     
(0096)   }
(0097)  if ((PINA & (1 << PA6)) == 0) 
    000B3 99CE      SBIC	0x19,6
    000B4 C004      RJMP	0x00B9
(0098)  {    speed=0;
    000B5 2744      CLR	R20
    000B6 2755      CLR	R21
(0099)       OCR0=speed;     
    000B7 BF4C      OUT	0x3C,R20
(0100) 	  OCR2=speed;
FILE: <library>
    000B8 BD43      OUT	0x23,R20
    000B9 CFC0      RJMP	0x007A
    000BA 9508      RET
