                        .module break.c
                        .area text(rom, con, rel)
 0000                   .dbfile break.c
                        .area vector(rom, abs)
                        .org 4
 0004 0C941F00          jmp _ext_int0_isr
                        .area text(rom, con, rel)
 0000                   .dbfile break.c
                        .area vector(rom, abs)
                        .org 8
 0008 0C949600          jmp _ext_int1_isr
                        .area text(rom, con, rel)
 0000                   .dbfile break.c
                        .area vector(rom, abs)
                        .org 12
 000C 0C940F01          jmp _ext_int2_isr
                        .area text(rom, con, rel)
 0000                   .dbfile break.c
                        .area vector(rom, abs)
                        .org 16
 0010 0C948B01          jmp _ext_int3_isr
                        .area text(rom, con, rel)
 0000                   .dbfile break.c
 0000                   .dbfile F:\.[School]\Chip\iccv7\TES8\break.c
 0000                   .dbfunc e int_init _int_init fV
                        .even
 0000           _int_init::
 0000                   .dbline -1
 0000                   .dbline 9
 0000           ; #include<iom128v.h>
 0000           ; #include<macros.h>
 0000           ; #pragma interrupt_handler ext_int0_isr:2
 0000           ; #pragma interrupt_handler ext_int1_isr:3
 0000           ; #pragma interrupt_handler ext_int2_isr:4
 0000           ; #pragma interrupt_handler ext_int3_isr:5
 0000           ; #define uint unsigned int
 0000           ; void int_init(void)
 0000           ; {
 0000                   .dbline 10
 0000           ;       CLI();
 0000 F894              cli
 0002                   .dbline 11
 0002           ;       EIMSK=0x0F;
 0002 8FE0              ldi R24,15
 0004 89BF              out 0x39,R24
 0006                   .dbline 12
 0006           ;       EICRA=0xFF;
 0006 8FEF              ldi R24,255
 0008 80936A00          sts 106,R24
 000C                   .dbline 13
 000C           ;       SEI();
 000C 7894              sei
 000E                   .dbline -2
 000E           L1:
 000E                   .dbline 0 ; func end
 000E 0895              ret
 0010                   .dbend
 0010                   .dbfunc e delay_nms _delay_nms fV
 0010           ;              i -> R20,R21
 0010           ;              j -> R22,R23
 0010           ;              n -> R16,R17
                        .even
 0010           _delay_nms::
 0010 0E940000          xcall push_xgsetF000
 0014                   .dbline -1
 0014                   .dbline 16
 0014           ; }
 0014           ; void delay_nms(uint n)
 0014           ; {
 0014                   .dbline 17
 0014           ;       uint i=0,j=0;
 0014                   .dbline 17
 0014 6627              clr R22
 0016 7727              clr R23
 0018                   .dbline 18
 0018           ;       for(i=0;i<n;i++)
 0018 4427              clr R20
 001A 5527              clr R21
 001C 0BC0              xjmp L6
 001E           L3:
 001E                   .dbline 19
 001E           ;               for(j=0;j<1140;j++)
 001E 6627              clr R22
 0020 7727              clr R23
 0022 02C0              xjmp L10
 0024           L7:
 0024                   .dbline 20
 0024           ;                       ;
 0024           L8:
 0024                   .dbline 19
 0024 6F5F              subi R22,255  ; offset = 1
 0026 7F4F              sbci R23,255
 0028           L10:
 0028                   .dbline 19
 0028 6437              cpi R22,116
 002A E4E0              ldi R30,4
 002C 7E07              cpc R23,R30
 002E D0F3              brlo L7
 0030           X0:
 0030           L4:
 0030                   .dbline 18
 0030 4F5F              subi R20,255  ; offset = 1
 0032 5F4F              sbci R21,255
 0034           L6:
 0034                   .dbline 18
 0034 4017              cp R20,R16
 0036 5107              cpc R21,R17
 0038 90F3              brlo L3
 003A           X1:
 003A                   .dbline -2
 003A           L2:
 003A                   .dbline 0 ; func end
 003A 0C940000          xjmp pop_xgsetF000
 003E                   .dbsym r i 20 i
 003E                   .dbsym r j 22 i
 003E                   .dbsym r n 16 i
 003E                   .dbend
 003E                   .dbfunc e ext_int0_isr _ext_int0_isr fV
 003E           ;              a -> R20,R21
                        .even
 003E           _ext_int0_isr::
 003E 0A92              st -y,R0
 0040 1A92              st -y,R1
 0042 2A92              st -y,R2
 0044 3A92              st -y,R3
 0046 4A92              st -y,R4
 0048 5A92              st -y,R5
 004A 6A92              st -y,R6
 004C 7A92              st -y,R7
 004E 8A92              st -y,R8
 0050 9A92              st -y,R9
 0052 0A93              st -y,R16
 0054 1A93              st -y,R17
 0056 2A93              st -y,R18
 0058 3A93              st -y,R19
 005A 8A93              st -y,R24
 005C 9A93              st -y,R25
 005E AA93              st -y,R26
 0060 BA93              st -y,R27
 0062 EA93              st -y,R30
 0064 FA93              st -y,R31
 0066 0FB6              IN R0,63
 0068 0A92              st -y,R0
 006A 4A93              st -y,R20
 006C 5A93              st -y,R21
 006E                   .dbline -1
 006E                   .dbline 23
 006E           ; }
 006E           ; void ext_int0_isr(void)
 006E           ; {   uint a=7;
 006E                   .dbline 23
 006E 47E0              ldi R20,7
 0070 50E0              ldi R21,0
 0072 42C0              xjmp L13
 0074           L12:
 0074                   .dbline 26
 0074           ;       
 0074           ;       while(1)
 0074           ;       {
 0074                   .dbline 27
 0074           ;       int_init();
 0074 C5DF              xcall _int_init
 0076                   .dbline 28
 0076           ;       PORTA=~(1<<a);
 0076 01E0              ldi R16,1
 0078 10E0              ldi R17,0
 007A 9A01              movw R18,R20
 007C 0E940000          xcall lsl16
 0080 1801              movw R2,R16
 0082 2094              com R2
 0084 3094              com R3
 0086 2BBA              out 0x1b,R2
 0088                   .dbline 29
 0088           ;       a=a-2;
 0088 4250              subi R20,2
 008A 5040              sbci R21,0
 008C                   .dbline 30
 008C           ;       PORTG|=(1<<4);
 008C 80916500          lds R24,101
 0090 8061              ori R24,16
 0092 80936500          sts 101,R24
 0096                   .dbline 31
 0096           ;       delay_nms(300);
 0096 0CE2              ldi R16,300
 0098 11E0              ldi R17,1
 009A BADF              xcall _delay_nms
 009C                   .dbline 32
 009C           ;       PORTG&=~(1<<4);
 009C 80916500          lds R24,101
 00A0 8F7E              andi R24,239
 00A2 80936500          sts 101,R24
 00A6                   .dbline 33
 00A6           ;       delay_nms(300);
 00A6 0CE2              ldi R16,300
 00A8 11E0              ldi R17,1
 00AA B2DF              xcall _delay_nms
 00AC                   .dbline 34
 00AC           ;       PORTG|=(1<<4);
 00AC 80916500          lds R24,101
 00B0 8061              ori R24,16
 00B2 80936500          sts 101,R24
 00B6                   .dbline 35
 00B6           ;       delay_nms(300);
 00B6 0CE2              ldi R16,300
 00B8 11E0              ldi R17,1
 00BA AADF              xcall _delay_nms
 00BC                   .dbline 36
 00BC           ;       PORTG&=~(1<<4);
 00BC 80916500          lds R24,101
 00C0 8F7E              andi R24,239
 00C2 80936500          sts 101,R24
 00C6                   .dbline 37
 00C6           ;       delay_nms(300);
 00C6 0CE2              ldi R16,300
 00C8 11E0              ldi R17,1
 00CA A2DF              xcall _delay_nms
 00CC                   .dbline 38
 00CC           ;       PORTG|=(1<<4);
 00CC 80916500          lds R24,101
 00D0 8061              ori R24,16
 00D2 80936500          sts 101,R24
 00D6                   .dbline 39
 00D6           ;       delay_nms(300);
 00D6 0CE2              ldi R16,300
 00D8 11E0              ldi R17,1
 00DA 9ADF              xcall _delay_nms
 00DC                   .dbline 40
 00DC           ;       PORTG&=~(1<<4);
 00DC 80916500          lds R24,101
 00E0 8F7E              andi R24,239
 00E2 80936500          sts 101,R24
 00E6                   .dbline 41
 00E6           ;       delay_nms(300);
 00E6 0CE2              ldi R16,300
 00E8 11E0              ldi R17,1
 00EA 92DF              xcall _delay_nms
 00EC                   .dbline 42
 00EC           ;       if(a==-1)
 00EC 4F3F              cpi R20,255
 00EE EFEF              ldi R30,255
 00F0 5E07              cpc R21,R30
 00F2 11F4              brne L15
 00F4           X2:
 00F4                   .dbline 43
 00F4           ;          {a=7;}
 00F4                   .dbline 43
 00F4 47E0              ldi R20,7
 00F6 50E0              ldi R21,0
 00F8                   .dbline 43
 00F8           L15:
 00F8                   .dbline 44
 00F8           ;       }
 00F8           L13:
 00F8                   .dbline 25
 00F8 BDCF              xjmp L12
 00FA           X3:
 00FA                   .dbline -2
 00FA           L11:
 00FA                   .dbline 0 ; func end
 00FA 5991              ld R21,y+
 00FC 4991              ld R20,y+
 00FE 0990              ld R0,y+
 0100 0FBE              OUT 63,R0
 0102 F991              ld R31,y+
 0104 E991              ld R30,y+
 0106 B991              ld R27,y+
 0108 A991              ld R26,y+
 010A 9991              ld R25,y+
 010C 8991              ld R24,y+
 010E 3991              ld R19,y+
 0110 2991              ld R18,y+
 0112 1991              ld R17,y+
 0114 0991              ld R16,y+
 0116 9990              ld R9,y+
 0118 8990              ld R8,y+
 011A 7990              ld R7,y+
 011C 6990              ld R6,y+
 011E 5990              ld R5,y+
 0120 4990              ld R4,y+
 0122 3990              ld R3,y+
 0124 2990              ld R2,y+
 0126 1990              ld R1,y+
 0128 0990              ld R0,y+
 012A 1895              reti
 012C                   .dbsym r a 20 i
 012C                   .dbend
 012C                   .dbfunc e ext_int1_isr _ext_int1_isr fV
 012C           ;              a -> R20,R21
                        .even
 012C           _ext_int1_isr::
 012C 0A92              st -y,R0
 012E 1A92              st -y,R1
 0130 2A92              st -y,R2
 0132 3A92              st -y,R3
 0134 4A92              st -y,R4
 0136 5A92              st -y,R5
 0138 6A92              st -y,R6
 013A 7A92              st -y,R7
 013C 8A92              st -y,R8
 013E 9A92              st -y,R9
 0140 0A93              st -y,R16
 0142 1A93              st -y,R17
 0144 2A93              st -y,R18
 0146 3A93              st -y,R19
 0148 8A93              st -y,R24
 014A 9A93              st -y,R25
 014C AA93              st -y,R26
 014E BA93              st -y,R27
 0150 EA93              st -y,R30
 0152 FA93              st -y,R31
 0154 0FB6              IN R0,63
 0156 0A92              st -y,R0
 0158 4A93              st -y,R20
 015A 5A93              st -y,R21
 015C                   .dbline -1
 015C                   .dbline 47
 015C           ; }
 015C           ; void ext_int1_isr(void)
 015C           ; {
 015C                   .dbline 48
 015C           ;     uint a=0;
 015C 4427              clr R20
 015E 5527              clr R21
 0160 44C0              xjmp L19
 0162           L18:
 0162                   .dbline 51
 0162           ;       
 0162           ;       while(1)
 0162           ;    {
 0162                   .dbline 52
 0162           ;    for(a=0;a<8;a+=2)
 0162 4427              clr R20
 0164 5527              clr R21
 0166 3CC0              xjmp L24
 0168           L21:
 0168                   .dbline 53
 0168           ;    { int_init();
 0168                   .dbline 53
 0168 4BDF              xcall _int_init
 016A                   .dbline 55
 016A           ;       
 016A           ;     PORTA=~(1<<a);
 016A 01E0              ldi R16,1
 016C 10E0              ldi R17,0
 016E 9A01              movw R18,R20
 0170 0E940000          xcall lsl16
 0174 1801              movw R2,R16
 0176 2094              com R2
 0178 3094              com R3
 017A 2BBA              out 0x1b,R2
 017C                   .dbline 57
 017C           ;       
 017C           ;       PORTG|=(1<<4);
 017C 80916500          lds R24,101
 0180 8061              ori R24,16
 0182 80936500          sts 101,R24
 0186                   .dbline 58
 0186           ;       delay_nms(300);
 0186 0CE2              ldi R16,300
 0188 11E0              ldi R17,1
 018A 42DF              xcall _delay_nms
 018C                   .dbline 59
 018C           ;       PORTG&=~(1<<4);
 018C 80916500          lds R24,101
 0190 8F7E              andi R24,239
 0192 80936500          sts 101,R24
 0196                   .dbline 60
 0196           ;       delay_nms(300);
 0196 0CE2              ldi R16,300
 0198 11E0              ldi R17,1
 019A 3ADF              xcall _delay_nms
 019C                   .dbline 61
 019C           ;       PORTG|=(1<<4);
 019C 80916500          lds R24,101
 01A0 8061              ori R24,16
 01A2 80936500          sts 101,R24
 01A6                   .dbline 62
 01A6           ;       delay_nms(300);
 01A6 0CE2              ldi R16,300
 01A8 11E0              ldi R17,1
 01AA 32DF              xcall _delay_nms
 01AC                   .dbline 63
 01AC           ;       PORTG&=~(1<<4);
 01AC 80916500          lds R24,101
 01B0 8F7E              andi R24,239
 01B2 80936500          sts 101,R24
 01B6                   .dbline 64
 01B6           ;       delay_nms(300);
 01B6 0CE2              ldi R16,300
 01B8 11E0              ldi R17,1
 01BA 2ADF              xcall _delay_nms
 01BC                   .dbline 65
 01BC           ;       PORTG|=(1<<4);
 01BC 80916500          lds R24,101
 01C0 8061              ori R24,16
 01C2 80936500          sts 101,R24
 01C6                   .dbline 66
 01C6           ;       delay_nms(300);
 01C6 0CE2              ldi R16,300
 01C8 11E0              ldi R17,1
 01CA 22DF              xcall _delay_nms
 01CC                   .dbline 67
 01CC           ;       PORTG&=~(1<<4);
 01CC 80916500          lds R24,101
 01D0 8F7E              andi R24,239
 01D2 80936500          sts 101,R24
 01D6                   .dbline 68
 01D6           ;       delay_nms(300);
 01D6 0CE2              ldi R16,300
 01D8 11E0              ldi R17,1
 01DA 1ADF              xcall _delay_nms
 01DC                   .dbline 69
 01DC           ;         }
 01DC           L22:
 01DC                   .dbline 52
 01DC 4E5F              subi R20,254  ; offset = 2
 01DE 5F4F              sbci R21,255
 01E0           L24:
 01E0                   .dbline 52
 01E0 4830              cpi R20,8
 01E2 E0E0              ldi R30,0
 01E4 5E07              cpc R21,R30
 01E6 08F4              brsh X6
 01E8 BFCF              xjmp L21
 01EA           X6:
 01EA           X4:
 01EA                   .dbline 70
 01EA           ;        }
 01EA           L19:
 01EA                   .dbline 50
 01EA BBCF              xjmp L18
 01EC           X5:
 01EC                   .dbline -2
 01EC           L17:
 01EC                   .dbline 0 ; func end
 01EC 5991              ld R21,y+
 01EE 4991              ld R20,y+
 01F0 0990              ld R0,y+
 01F2 0FBE              OUT 63,R0
 01F4 F991              ld R31,y+
 01F6 E991              ld R30,y+
 01F8 B991              ld R27,y+
 01FA A991              ld R26,y+
 01FC 9991              ld R25,y+
 01FE 8991              ld R24,y+
 0200 3991              ld R19,y+
 0202 2991              ld R18,y+
 0204 1991              ld R17,y+
 0206 0991              ld R16,y+
 0208 9990              ld R9,y+
 020A 8990              ld R8,y+
 020C 7990              ld R7,y+
 020E 6990              ld R6,y+
 0210 5990              ld R5,y+
 0212 4990              ld R4,y+
 0214 3990              ld R3,y+
 0216 2990              ld R2,y+
 0218 1990              ld R1,y+
 021A 0990              ld R0,y+
 021C 1895              reti
 021E                   .dbsym r a 20 i
 021E                   .dbend
 021E                   .dbfunc e ext_int2_isr _ext_int2_isr fV
 021E           ;              a -> R20,R21
 021E           ;              c -> R22,R23
                        .even
 021E           _ext_int2_isr::
 021E 0A92              st -y,R0
 0220 1A92              st -y,R1
 0222 2A92              st -y,R2
 0224 3A92              st -y,R3
 0226 4A92              st -y,R4
 0228 5A92              st -y,R5
 022A 6A92              st -y,R6
 022C 7A92              st -y,R7
 022E 8A92              st -y,R8
 0230 9A92              st -y,R9
 0232 0A93              st -y,R16
 0234 1A93              st -y,R17
 0236 2A93              st -y,R18
 0238 3A93              st -y,R19
 023A 8A93              st -y,R24
 023C 9A93              st -y,R25
 023E AA93              st -y,R26
 0240 BA93              st -y,R27
 0242 EA93              st -y,R30
 0244 FA93              st -y,R31
 0246 0FB6              IN R0,63
 0248 0A92              st -y,R0
 024A 0E940000          xcall push_xgsetF000
 024E                   .dbline -1
 024E                   .dbline 73
 024E           ; }
 024E           ; void ext_int2_isr(void)
 024E           ; {
 024E                   .dbline 74
 024E           ;    uint a=0;
 024E 4427              clr R20
 0250 5527              clr R21
 0252                   .dbline 75
 0252           ;       uint c=0;
 0252 6627              clr R22
 0254 7727              clr R23
 0256 45C0              xjmp L27
 0258           L26:
 0258                   .dbline 77
 0258           ;       while(1)
 0258           ;    {
 0258                   .dbline 78
 0258           ;    for(a=0;a<8;a++)
 0258 4427              clr R20
 025A 5527              clr R21
 025C 3DC0              xjmp L32
 025E           L29:
 025E                   .dbline 79
 025E           ;    { int_init();
 025E                   .dbline 79
 025E D0DE              xcall _int_init
 0260                   .dbline 80
 0260           ;       for(c=0;c<6;c++)
 0260 6627              clr R22
 0262 7727              clr R23
 0264 13C0              xjmp L36
 0266           L33:
 0266                   .dbline 81
 0266           ;        { PORTA=~(1<<a);
 0266                   .dbline 81
 0266 01E0              ldi R16,1
 0268 10E0              ldi R17,0
 026A 9A01              movw R18,R20
 026C 0E940000          xcall lsl16
 0270 1801              movw R2,R16
 0272 2094              com R2
 0274 3094              com R3
 0276 2BBA              out 0x1b,R2
 0278                   .dbline 82
 0278           ;         delay_nms(200);
 0278 08EC              ldi R16,200
 027A 10E0              ldi R17,0
 027C C9DE              xcall _delay_nms
 027E                   .dbline 83
 027E           ;         PORTA=0XFF;
 027E 8FEF              ldi R24,255
 0280 8BBB              out 0x1b,R24
 0282                   .dbline 84
 0282           ;         delay_nms(200);
 0282 08EC              ldi R16,200
 0284 10E0              ldi R17,0
 0286 C4DE              xcall _delay_nms
 0288                   .dbline 86
 0288           ;         
 0288           ;         }
 0288           L34:
 0288                   .dbline 80
 0288 6F5F              subi R22,255  ; offset = 1
 028A 7F4F              sbci R23,255
 028C           L36:
 028C                   .dbline 80
 028C 6630              cpi R22,6
 028E E0E0              ldi R30,0
 0290 7E07              cpc R23,R30
 0292 48F3              brlo L33
 0294           X7:
 0294                   .dbline 88
 0294           ;       
 0294           ;         PORTG|=(1<<4);
 0294 80916500          lds R24,101
 0298 8061              ori R24,16
 029A 80936500          sts 101,R24
 029E                   .dbline 89
 029E           ;         delay_nms(300);
 029E 0CE2              ldi R16,300
 02A0 11E0              ldi R17,1
 02A2 B6DE              xcall _delay_nms
 02A4                   .dbline 90
 02A4           ;         PORTG&=~(1<<4);
 02A4 80916500          lds R24,101
 02A8 8F7E              andi R24,239
 02AA 80936500          sts 101,R24
 02AE                   .dbline 91
 02AE           ;         delay_nms(300);
 02AE 0CE2              ldi R16,300
 02B0 11E0              ldi R17,1
 02B2 AEDE              xcall _delay_nms
 02B4                   .dbline 92
 02B4           ;         PORTG|=(1<<4);
 02B4 80916500          lds R24,101
 02B8 8061              ori R24,16
 02BA 80936500          sts 101,R24
 02BE                   .dbline 93
 02BE           ;         delay_nms(300);
 02BE 0CE2              ldi R16,300
 02C0 11E0              ldi R17,1
 02C2 A6DE              xcall _delay_nms
 02C4                   .dbline 94
 02C4           ;         PORTG&=~(1<<4);
 02C4 80916500          lds R24,101
 02C8 8F7E              andi R24,239
 02CA 80936500          sts 101,R24
 02CE                   .dbline 95
 02CE           ;         delay_nms(300);
 02CE 0CE2              ldi R16,300
 02D0 11E0              ldi R17,1
 02D2 9EDE              xcall _delay_nms
 02D4                   .dbline 97
 02D4           ;      
 02D4           ;       }
 02D4           L30:
 02D4                   .dbline 78
 02D4 4F5F              subi R20,255  ; offset = 1
 02D6 5F4F              sbci R21,255
 02D8           L32:
 02D8                   .dbline 78
 02D8 4830              cpi R20,8
 02DA E0E0              ldi R30,0
 02DC 5E07              cpc R21,R30
 02DE 08F4              brsh X10
 02E0 BECF              xjmp L29
 02E2           X10:
 02E2           X8:
 02E2                   .dbline 98
 02E2           ;   }
 02E2           L27:
 02E2                   .dbline 76
 02E2 BACF              xjmp L26
 02E4           X9:
 02E4                   .dbline -2
 02E4           L25:
 02E4                   .dbline 0 ; func end
 02E4 0E940000          xcall pop_xgsetF000
 02E8 0990              ld R0,y+
 02EA 0FBE              OUT 63,R0
 02EC F991              ld R31,y+
 02EE E991              ld R30,y+
 02F0 B991              ld R27,y+
 02F2 A991              ld R26,y+
 02F4 9991              ld R25,y+
 02F6 8991              ld R24,y+
 02F8 3991              ld R19,y+
 02FA 2991              ld R18,y+
 02FC 1991              ld R17,y+
 02FE 0991              ld R16,y+
 0300 9990              ld R9,y+
 0302 8990              ld R8,y+
 0304 7990              ld R7,y+
 0306 6990              ld R6,y+
 0308 5990              ld R5,y+
 030A 4990              ld R4,y+
 030C 3990              ld R3,y+
 030E 2990              ld R2,y+
 0310 1990              ld R1,y+
 0312 0990              ld R0,y+
 0314 1895              reti
 0316                   .dbsym r a 20 i
 0316                   .dbsym r c 22 i
 0316                   .dbend
 0316                   .dbfunc e ext_int3_isr _ext_int3_isr fV
                        .even
 0316           _ext_int3_isr::
 0316 0A92              st -y,R0
 0318 1A92              st -y,R1
 031A 2A92              st -y,R2
 031C 3A92              st -y,R3
 031E 4A92              st -y,R4
 0320 5A92              st -y,R5
 0322 6A92              st -y,R6
 0324 7A92              st -y,R7
 0326 8A92              st -y,R8
 0328 9A92              st -y,R9
 032A 0A93              st -y,R16
 032C 1A93              st -y,R17
 032E 2A93              st -y,R18
 0330 3A93              st -y,R19
 0332 8A93              st -y,R24
 0334 9A93              st -y,R25
 0336 AA93              st -y,R26
 0338 BA93              st -y,R27
 033A EA93              st -y,R30
 033C FA93              st -y,R31
 033E 0FB6              IN R0,63
 0340 0A92              st -y,R0
 0342                   .dbline -1
 0342                   .dbline 103
 0342           ;   
 0342           ;   
 0342           ; }
 0342           ; void ext_int3_isr(void)
 0342           ; {
 0342                   .dbline 105
 0342           ; 
 0342           ;   PORTA=0XFF;
 0342 8FEF              ldi R24,255
 0344 8BBB              out 0x1b,R24
 0346                   .dbline 106
 0346           ;   PORTG|=(1<<4);
 0346 80916500          lds R24,101
 034A 8061              ori R24,16
 034C 80936500          sts 101,R24
 0350                   .dbline 107
 0350           ;         delay_nms(300);
 0350 0CE2              ldi R16,300
 0352 11E0              ldi R17,1
 0354 5DDE              xcall _delay_nms
 0356                   .dbline 108
 0356           ;         PORTG&=~(1<<4);
 0356 80916500          lds R24,101
 035A 8F7E              andi R24,239
 035C 80936500          sts 101,R24
 0360                   .dbline 109
 0360           ;         delay_nms(300);
 0360 0CE2              ldi R16,300
 0362 11E0              ldi R17,1
 0364 55DE              xcall _delay_nms
 0366                   .dbline 110
 0366           ;         PORTG|=(1<<4);
 0366 80916500          lds R24,101
 036A 8061              ori R24,16
 036C 80936500          sts 101,R24
 0370                   .dbline 111
 0370           ;         delay_nms(300);
 0370 0CE2              ldi R16,300
 0372 11E0              ldi R17,1
 0374 4DDE              xcall _delay_nms
 0376                   .dbline 112
 0376           ;         PORTG&=~(1<<4);
 0376 80916500          lds R24,101
 037A 8F7E              andi R24,239
 037C 80936500          sts 101,R24
 0380                   .dbline 113
 0380           ;         delay_nms(300);
 0380 0CE2              ldi R16,300
 0382 11E0              ldi R17,1
 0384 45DE              xcall _delay_nms
 0386           L38:
 0386                   .dbline 114
 0386           ;         while(1){;}
 0386                   .dbline 114
 0386                   .dbline 114
 0386           L39:
 0386                   .dbline 114
 0386 FFCF              xjmp L38
 0388           X11:
 0388                   .dbline -2
 0388           L37:
 0388                   .dbline 0 ; func end
 0388 0990              ld R0,y+
 038A 0FBE              OUT 63,R0
 038C F991              ld R31,y+
 038E E991              ld R30,y+
 0390 B991              ld R27,y+
 0392 A991              ld R26,y+
 0394 9991              ld R25,y+
 0396 8991              ld R24,y+
 0398 3991              ld R19,y+
 039A 2991              ld R18,y+
 039C 1991              ld R17,y+
 039E 0991              ld R16,y+
 03A0 9990              ld R9,y+
 03A2 8990              ld R8,y+
 03A4 7990              ld R7,y+
 03A6 6990              ld R6,y+
 03A8 5990              ld R5,y+
 03AA 4990              ld R4,y+
 03AC 3990              ld R3,y+
 03AE 2990              ld R2,y+
 03B0 1990              ld R1,y+
 03B2 0990              ld R0,y+
 03B4 1895              reti
 03B6                   .dbend
 03B6                   .dbfunc e io_init _io_init fV
                        .even
 03B6           _io_init::
 03B6                   .dbline -1
 03B6                   .dbline 118
 03B6           ; }
 03B6           ; 
 03B6           ; void io_init(void)
 03B6           ; {
 03B6                   .dbline 119
 03B6           ;  DDRA=0XFF; 
 03B6 8FEF              ldi R24,255
 03B8 8ABB              out 0x1a,R24
 03BA                   .dbline 120
 03BA           ;  PORTA=0XFF; 
 03BA 8BBB              out 0x1b,R24
 03BC                   .dbline 121
 03BC           ;  DDRG=0XFF; 
 03BC 80936400          sts 100,R24
 03C0                   .dbline 122
 03C0           ;  PORTG=0XFF;
 03C0 80936500          sts 101,R24
 03C4                   .dbline 123
 03C4           ;  DDRE=0XFF; 
 03C4 82B9              out 0x2,R24
 03C6                   .dbline 124
 03C6           ;  PORTE=0XFF;
 03C6 83B9              out 0x3,R24
 03C8                   .dbline 125
 03C8           ;  DDRD=0XF0;
 03C8 80EF              ldi R24,240
 03CA 81BB              out 0x11,R24
 03CC                   .dbline 126
 03CC           ;  PORTD=0XFF;
 03CC 8FEF              ldi R24,255
 03CE 82BB              out 0x12,R24
 03D0                   .dbline -2
 03D0           L41:
 03D0                   .dbline 0 ; func end
 03D0 0895              ret
 03D2                   .dbend
 03D2                   .dbfunc e main _main fV
                        .even
 03D2           _main::
 03D2                   .dbline -1
 03D2                   .dbline 129
 03D2           ; }
 03D2           ; void main(void)
 03D2           ; {
 03D2                   .dbline 130
 03D2           ;       int_init();
 03D2 16DE              xcall _int_init
 03D4                   .dbline 131
 03D4           ;       io_init();
 03D4 F0DF              xcall _io_init
 03D6                   .dbline 132
 03D6           ;       PORTG&=~(1<<4);
 03D6 80916500          lds R24,101
 03DA 8F7E              andi R24,239
 03DC 80936500          sts 101,R24
 03E0 08C0              xjmp L44
 03E2           L43:
 03E2                   .dbline 134
 03E2           ;       while(1)
 03E2           ;       {
 03E2                   .dbline 135
 03E2           ;               PORTA|=BIT(0);
 03E2 D89A              sbi 0x1b,0
 03E4                   .dbline 136
 03E4           ;               delay_nms(300);
 03E4 0CE2              ldi R16,300
 03E6 11E0              ldi R17,1
 03E8 13DE              xcall _delay_nms
 03EA                   .dbline 137
 03EA           ;               PORTA&=~BIT(0);
 03EA D898              cbi 0x1b,0
 03EC                   .dbline 138
 03EC           ;               delay_nms(300);
 03EC 0CE2              ldi R16,300
 03EE 11E0              ldi R17,1
 03F0 0FDE              xcall _delay_nms
 03F2                   .dbline 140
 03F2           ;               
 03F2           ;       }
 03F2           L44:
 03F2                   .dbline 133
 03F2 F7CF              xjmp L43
 03F4           X12:
 03F4                   .dbline -2
 03F4           L42:
 03F4                   .dbline 0 ; func end
 03F4 0895              ret
 03F6                   .dbend
 03F6           ; }
 03F6           ; 
 03F6           ; 
 03F6           ; 
 03F6           ; 
 03F6           ; 
 03F6           ; 
